<?xml version="1.0" encoding="UTF-8"?>
<!-- Generated by org.testng.reporters.JUnitReportReporter -->
<testsuite hostname="DESKTOP-GK61F68" name="com.RMG.apiTest.PathParameterTest" tests="1" failures="0" timestamp="2 Jan 2021 11:08:23 GMT" time="4.517" errors="0">
  <testcase name="pathParamTest" time="4.517" classname="com.RMG.apiTest.PathParameterTest"/>
</testsuite> <!-- com.RMG.apiTest.PathParameterTest -->
