<?xml version="1.0" encoding="UTF-8"?>
<!-- Generated by org.testng.reporters.JUnitReportReporter -->
<testsuite hostname="DESKTOP-GK61F68" name="com.RMG.apiTest.RequestChaining" tests="1" failures="0" timestamp="2 Jan 2021 11:55:31 GMT" time="6.333" errors="0">
  <testcase name="createProjectTest" time="6.333" classname="com.RMG.apiTest.RequestChaining"/>
</testsuite> <!-- com.RMG.apiTest.RequestChaining -->
